Rasa process starting
Rasa process starting
Rasa process starting
Rasa process starting
Restoring parameters from models/nlu/current/intent_classifier_tensorflow_embedding.ckpt
Available web server routes: 
static                                             HEAD, OPTIONS, GET             /static/[filename]
custom_webhook_CmdlineInput.health                 HEAD, OPTIONS, GET             /webhooks/rest/
custom_webhook_CmdlineInput.receive                POST, OPTIONS                  /webhooks/rest/webhook
Rasa Core server is up and running on http://localhost:5005
Creating a new tracker for id 'default'.
Failed to connect to duckling http server. Make sure the duckling server is running and the proper host and port are set in the configuration. More information on how to run the server can be found on github: https://github.com/facebook/duckling#quickstart Error: HTTPConnectionPool(host='localhost', port=8000): Max retries exceeded with url: /parse (Caused by NewConnectionError('<urllib3.connection.HTTPConnection object at 0x7fafdc9b3c88>: Failed to establish a new connection: [Errno 111] Connection refused',))
Received user message 'hi' with intent '{'name': 'greet', 'confidence': 0.9436538219451904}' and entities '[]'
Logged UserUtterance - tracker now has 2 events
Current slot values: 
	cuisine: None
	feedback: None
	num_people: None
	outdoor_seating: None
	preferences: None
	requested_slot: None
Current tracker state [None, None, None, {}, {'intent_greet': 1.0, 'prev_action_listen': 1.0}]
There is a memorised next action '11'
There is no active form
Predicted next action using policy_2_MemoizationPolicy
Predicted next action 'utter_greet' with prob 1.00.
Action 'utter_greet' ended with events '[]'
Bot utterance 'BotUttered(text: Hello! I am restaurant search assistant! How can I help?, data: {
  "elements": null,
  "buttons": null,
  "attachment": null
})'
Current tracker state [None, None, {}, {'intent_greet': 1.0, 'prev_action_listen': 1.0}, {'intent_greet': 1.0, 'prev_utter_greet': 1.0}]
There is a memorised next action '0'
There is no active form
Predicted next action using policy_2_MemoizationPolicy
Predicted next action 'action_listen' with prob 1.00.
Action 'action_listen' ended with events '[]'
Rasa process starting
Restoring parameters from models/nlu/current/intent_classifier_tensorflow_embedding.ckpt
Available web server routes: 
static                                             HEAD, GET, OPTIONS             /static/[filename]
custom_webhook_CmdlineInput.health                 HEAD, GET, OPTIONS             /webhooks/rest/
custom_webhook_CmdlineInput.receive                POST, OPTIONS                  /webhooks/rest/webhook
Rasa Core server is up and running on http://localhost:5005
Creating a new tracker for id 'default'.
Failed to connect to duckling http server. Make sure the duckling server is running and the proper host and port are set in the configuration. More information on how to run the server can be found on github: https://github.com/facebook/duckling#quickstart Error: HTTPConnectionPool(host='localhost', port=8000): Max retries exceeded with url: /parse (Caused by NewConnectionError('<urllib3.connection.HTTPConnection object at 0x7f2f7033d9b0>: Failed to establish a new connection: [Errno 111] Connection refused',))
Received user message 'hi' with intent '{'name': 'greet', 'confidence': 0.9436538219451904}' and entities '[]'
Logged UserUtterance - tracker now has 2 events
Current slot values: 
	cuisine: None
	feedback: None
	num_people: None
	outdoor_seating: None
	preferences: None
	requested_slot: None
Current tracker state [None, None, None, {}, {'prev_action_listen': 1.0, 'intent_greet': 1.0}]
There is a memorised next action '11'
There is no active form
Predicted next action using policy_2_MemoizationPolicy
Predicted next action 'utter_greet' with prob 1.00.
Action 'utter_greet' ended with events '[]'
Bot utterance 'BotUttered(text: Hello! I am restaurant search assistant! How can I help?, data: {
  "elements": null,
  "buttons": null,
  "attachment": null
})'
Current tracker state [None, None, {}, {'prev_action_listen': 1.0, 'intent_greet': 1.0}, {'intent_greet': 1.0, 'prev_utter_greet': 1.0}]
There is a memorised next action '0'
There is no active form
Predicted next action using policy_2_MemoizationPolicy
Predicted next action 'action_listen' with prob 1.00.
Action 'action_listen' ended with events '[]'
Recreating tracker for id 'default'
Failed to connect to duckling http server. Make sure the duckling server is running and the proper host and port are set in the configuration. More information on how to run the server can be found on github: https://github.com/facebook/duckling#quickstart Error: HTTPConnectionPool(host='localhost', port=8000): Max retries exceeded with url: /parse (Caused by NewConnectionError('<urllib3.connection.HTTPConnection object at 0x7f2f70b5d160>: Failed to establish a new connection: [Errno 111] Connection refused',))
Received user message 'id like a restraunt' with intent '{'name': 'inform', 'confidence': 0.9200656414031982}' and entities '[]'
Logged UserUtterance - tracker now has 6 events
Current slot values: 
	cuisine: None
	feedback: None
	num_people: None
	outdoor_seating: None
	preferences: None
	requested_slot: None
Current tracker state [None, {}, {'prev_action_listen': 1.0, 'intent_greet': 1.0}, {'intent_greet': 1.0, 'prev_utter_greet': 1.0}, {'prev_action_listen': 1.0, 'intent_inform': 1.0}]
There is no memorised next action
There is no active form
Predicted next action using policy_1_FallbackPolicy
Predicted next action 'action_default_fallback' with prob 1.00.
Action 'action_default_fallback' ended with events '['UserUtteranceReverted()']'
Bot utterance 'BotUttered(text: sorry, I didn't understand you, please try input something else, data: {
  "elements": null,
  "buttons": null,
  "attachment": null
})'
Current tracker state [None, None, {}, {'prev_action_listen': 1.0, 'intent_greet': 1.0}, {'intent_greet': 1.0, 'prev_utter_greet': 1.0}]
There is a memorised next action '0'
There is no active form
Predicted next action using policy_2_MemoizationPolicy
Predicted next action 'action_listen' with prob 1.00.
Action 'action_listen' ended with events '[]'
Recreating tracker for id 'default'
Failed to connect to duckling http server. Make sure the duckling server is running and the proper host and port are set in the configuration. More information on how to run the server can be found on github: https://github.com/facebook/duckling#quickstart Error: HTTPConnectionPool(host='localhost', port=8000): Max retries exceeded with url: /parse (Caused by NewConnectionError('<urllib3.connection.HTTPConnection object at 0x7f2f70ab6dd8>: Failed to establish a new connection: [Errno 111] Connection refused',))
Received user message 'im looking for a restaurant' with intent '{'name': 'request_restaurant', 'confidence': 0.9636378884315491}' and entities '[]'
Logged UserUtterance - tracker now has 11 events
Current slot values: 
	cuisine: None
	feedback: None
	num_people: None
	outdoor_seating: None
	preferences: None
	requested_slot: None
Current tracker state [None, {}, {'prev_action_listen': 1.0, 'intent_greet': 1.0}, {'intent_greet': 1.0, 'prev_utter_greet': 1.0}, {'prev_action_listen': 1.0, 'intent_request_restaurant': 1.0}]
There is a memorised next action '12'
There is no active form
Predicted next action using policy_2_MemoizationPolicy
Predicted next action 'restaurant_form' with prob 1.00.
Calling action endpoint to run action 'restaurant_form'.
Action 'restaurant_form' ended with events '['Form(restaurant_form)', 'SlotSet(key: requested_slot, value: cuisine)']'
Bot utterance 'BotUttered(text: what cuisine?, data: {
  "elements": null,
  "buttons": null,
  "attachment": null
})'
Current tracker state [None, {}, {'prev_action_listen': 1.0, 'intent_greet': 1.0}, {'intent_greet': 1.0, 'prev_utter_greet': 1.0}, {'prev_action_listen': 1.0, 'intent_request_restaurant': 1.0}]
There is a memorised next action '12'
There is an active form 'restaurant_form'
Predicted next action using policy_3_FormPolicy
Predicted next action 'action_listen' with prob 1.00.
Action 'action_listen' ended with events '[]'
Recreating tracker for id 'default'
Failed to connect to duckling http server. Make sure the duckling server is running and the proper host and port are set in the configuration. More information on how to run the server can be found on github: https://github.com/facebook/duckling#quickstart Error: HTTPConnectionPool(host='localhost', port=8000): Max retries exceeded with url: /parse (Caused by NewConnectionError('<urllib3.connection.HTTPConnection object at 0x7f2f722f34e0>: Failed to establish a new connection: [Errno 111] Connection refused',))
Received user message 'indian' with intent '{'name': 'inform', 'confidence': 0.7404871582984924}' and entities '[{'start': 0, 'end': 6, 'value': 'indian', 'entity': 'cuisine', 'confidence': 0.8517042648433734, 'extractor': 'ner_crf'}]'
Logged UserUtterance - tracker now has 17 events
Current slot values: 
	cuisine: None
	feedback: None
	num_people: None
	outdoor_seating: None
	preferences: None
	requested_slot: cuisine
Current tracker state [None, {}, {'prev_action_listen': 1.0, 'intent_greet': 1.0}, {'intent_greet': 1.0, 'prev_utter_greet': 1.0}, {'prev_action_listen': 1.0, 'intent_request_restaurant': 1.0}]
There is a memorised next action '12'
There is an active form 'restaurant_form'
Predicted next action using policy_3_FormPolicy
Predicted next action 'restaurant_form' with prob 1.00.
Calling action endpoint to run action 'restaurant_form'.
Action 'restaurant_form' ended with events '['SlotSet(key: cuisine, value: indian)', 'SlotSet(key: requested_slot, value: num_people)']'
Bot utterance 'BotUttered(text: how many people?, data: {
  "elements": null,
  "buttons": null,
  "attachment": null
})'
Current tracker state [None, {}, {'prev_action_listen': 1.0, 'intent_greet': 1.0}, {'intent_greet': 1.0, 'prev_utter_greet': 1.0}, {'prev_action_listen': 1.0, 'intent_request_restaurant': 1.0}]
There is a memorised next action '12'
There is an active form 'restaurant_form'
Predicted next action using policy_3_FormPolicy
Predicted next action 'action_listen' with prob 1.00.
Action 'action_listen' ended with events '[]'
Recreating tracker for id 'default'
Failed to connect to duckling http server. Make sure the duckling server is running and the proper host and port are set in the configuration. More information on how to run the server can be found on github: https://github.com/facebook/duckling#quickstart Error: HTTPConnectionPool(host='localhost', port=8000): Max retries exceeded with url: /parse (Caused by NewConnectionError('<urllib3.connection.HTTPConnection object at 0x7f2f721e1358>: Failed to establish a new connection: [Errno 111] Connection refused',))
Received user message '4' with intent '{'name': 'inform', 'confidence': 0.8539876937866211}' and entities '[]'
Logged UserUtterance - tracker now has 23 events
Current slot values: 
	cuisine: indian
	feedback: None
	num_people: None
	outdoor_seating: None
	preferences: None
	requested_slot: num_people
Current tracker state [None, {}, {'prev_action_listen': 1.0, 'intent_greet': 1.0}, {'intent_greet': 1.0, 'prev_utter_greet': 1.0}, {'prev_action_listen': 1.0, 'intent_request_restaurant': 1.0}]
There is a memorised next action '12'
There is an active form 'restaurant_form'
Predicted next action using policy_3_FormPolicy
Predicted next action 'restaurant_form' with prob 1.00.
Calling action endpoint to run action 'restaurant_form'.
Failed to validate slot num_people with action restaurant_form
Current tracker state [{'prev_action_listen': 1.0, 'intent_greet': 1.0}, {'intent_greet': 1.0, 'prev_utter_greet': 1.0}, {'prev_action_listen': 1.0, 'intent_request_restaurant': 1.0}, {'prev_restaurant_form': 1.0, 'intent_request_restaurant': 1.0, 'active_form_restaurant_form': 1.0}, {'prev_action_listen': 1.0, 'intent_inform': 1.0, 'active_form_restaurant_form': 1.0}]
There is no memorised next action
There is an active form 'restaurant_form'
Predicted next action using policy_1_FallbackPolicy
Predicted next action 'action_default_fallback' with prob 1.00.
Action 'action_default_fallback' ended with events '['UserUtteranceReverted()']'
Bot utterance 'BotUttered(text: sorry, I didn't understand you, please try input something else, data: {
  "elements": null,
  "buttons": null,
  "attachment": null
})'
Current tracker state [None, {}, {'prev_action_listen': 1.0, 'intent_greet': 1.0}, {'intent_greet': 1.0, 'prev_utter_greet': 1.0}, {'prev_action_listen': 1.0, 'intent_request_restaurant': 1.0}]
There is a memorised next action '12'
There is an active form 'restaurant_form'
Predicted next action using policy_3_FormPolicy
Predicted next action 'action_listen' with prob 1.00.
Action 'action_listen' ended with events '[]'
Recreating tracker for id 'default'
Received user message '/restart' with intent '{'name': 'restart', 'confidence': 1.0}' and entities '[]'
Logged UserUtterance - tracker now has 29 events
Current slot values: 
	cuisine: indian
	feedback: None
	num_people: None
	outdoor_seating: None
	preferences: None
	requested_slot: num_people
Predicted next action 'action_restart' with prob 1.00.
Action 'action_restart' ended with events '['Restarted()']'
Predicted next action 'action_listen' with prob 1.00.
Action 'action_listen' ended with events '[]'
Recreating tracker for id 'default'
Failed to connect to duckling http server. Make sure the duckling server is running and the proper host and port are set in the configuration. More information on how to run the server can be found on github: https://github.com/facebook/duckling#quickstart Error: HTTPConnectionPool(host='localhost', port=8000): Max retries exceeded with url: /parse (Caused by NewConnectionError('<urllib3.connection.HTTPConnection object at 0x7f2f72a73278>: Failed to establish a new connection: [Errno 111] Connection refused',))
Received user message 'I want a table for 4' with intent '{'name': 'request_restaurant', 'confidence': 0.9672569632530212}' and entities '[{'start': 19, 'end': 20, 'value': '4', 'entity': 'num_people', 'confidence': 0.8782544931542814, 'extractor': 'ner_crf'}]'
Logged UserUtterance - tracker now has 33 events
Current slot values: 
	cuisine: None
	feedback: None
	num_people: None
	outdoor_seating: None
	preferences: None
	requested_slot: None
Current tracker state [None, None, None, {}, {'prev_action_listen': 1.0, 'intent_request_restaurant': 1.0}]
There is a memorised next action '12'
There is no active form
Predicted next action using policy_2_MemoizationPolicy
Predicted next action 'restaurant_form' with prob 1.00.
Calling action endpoint to run action 'restaurant_form'.
Action 'restaurant_form' ended with events '['Form(restaurant_form)', 'SlotSet(key: num_people, value: 4)', 'SlotSet(key: requested_slot, value: cuisine)']'
Bot utterance 'BotUttered(text: what cuisine?, data: {
  "elements": null,
  "buttons": null,
  "attachment": null
})'
Current tracker state [None, None, None, {}, {'prev_action_listen': 1.0, 'intent_request_restaurant': 1.0}]
There is a memorised next action '12'
There is an active form 'restaurant_form'
Predicted next action using policy_3_FormPolicy
Predicted next action 'action_listen' with prob 1.00.
Action 'action_listen' ended with events '[]'
Recreating tracker for id 'default'
Failed to connect to duckling http server. Make sure the duckling server is running and the proper host and port are set in the configuration. More information on how to run the server can be found on github: https://github.com/facebook/duckling#quickstart Error: HTTPConnectionPool(host='localhost', port=8000): Max retries exceeded with url: /parse (Caused by NewConnectionError('<urllib3.connection.HTTPConnection object at 0x7f2f729bf0f0>: Failed to establish a new connection: [Errno 111] Connection refused',))
Received user message 'indian' with intent '{'name': 'inform', 'confidence': 0.7404871582984924}' and entities '[{'start': 0, 'end': 6, 'value': 'indian', 'entity': 'cuisine', 'confidence': 0.8517042648433734, 'extractor': 'ner_crf'}]'
Logged UserUtterance - tracker now has 40 events
Current slot values: 
	cuisine: None
	feedback: None
	num_people: 4
	outdoor_seating: None
	preferences: None
	requested_slot: cuisine
Current tracker state [None, None, None, {}, {'prev_action_listen': 1.0, 'intent_request_restaurant': 1.0}]
There is a memorised next action '12'
There is an active form 'restaurant_form'
Predicted next action using policy_3_FormPolicy
Predicted next action 'restaurant_form' with prob 1.00.
Calling action endpoint to run action 'restaurant_form'.
Action 'restaurant_form' ended with events '['SlotSet(key: cuisine, value: indian)', 'SlotSet(key: requested_slot, value: outdoor_seating)']'
Bot utterance 'BotUttered(text: do you want to seat outside?, data: {
  "elements": null,
  "buttons": null,
  "attachment": null
})'
Current tracker state [None, None, None, {}, {'prev_action_listen': 1.0, 'intent_request_restaurant': 1.0}]
There is a memorised next action '12'
There is an active form 'restaurant_form'
Predicted next action using policy_3_FormPolicy
Predicted next action 'action_listen' with prob 1.00.
Action 'action_listen' ended with events '[]'
Recreating tracker for id 'default'
Failed to connect to duckling http server. Make sure the duckling server is running and the proper host and port are set in the configuration. More information on how to run the server can be found on github: https://github.com/facebook/duckling#quickstart Error: HTTPConnectionPool(host='localhost', port=8000): Max retries exceeded with url: /parse (Caused by NewConnectionError('<urllib3.connection.HTTPConnection object at 0x7f2f728ac3c8>: Failed to establish a new connection: [Errno 111] Connection refused',))
Received user message 'yes' with intent '{'name': 'affirm', 'confidence': 0.9247283339500427}' and entities '[]'
Logged UserUtterance - tracker now has 46 events
Current slot values: 
	cuisine: indian
	feedback: None
	num_people: 4
	outdoor_seating: None
	preferences: None
	requested_slot: outdoor_seating
Current tracker state [None, None, None, {}, {'prev_action_listen': 1.0, 'intent_request_restaurant': 1.0}]
There is a memorised next action '12'
There is an active form 'restaurant_form'
Predicted next action using policy_3_FormPolicy
Predicted next action 'restaurant_form' with prob 1.00.
Calling action endpoint to run action 'restaurant_form'.
Action 'restaurant_form' ended with events '['SlotSet(key: outdoor_seating, value: True)', 'SlotSet(key: requested_slot, value: preferences)']'
Bot utterance 'BotUttered(text: please provide additional preferences, data: {
  "elements": null,
  "buttons": null,
  "attachment": null
})'
Current tracker state [None, None, None, {}, {'prev_action_listen': 1.0, 'intent_request_restaurant': 1.0}]
There is a memorised next action '12'
There is an active form 'restaurant_form'
Predicted next action using policy_3_FormPolicy
Predicted next action 'action_listen' with prob 1.00.
Action 'action_listen' ended with events '[]'
Recreating tracker for id 'default'
Failed to connect to duckling http server. Make sure the duckling server is running and the proper host and port are set in the configuration. More information on how to run the server can be found on github: https://github.com/facebook/duckling#quickstart Error: HTTPConnectionPool(host='localhost', port=8000): Max retries exceeded with url: /parse (Caused by NewConnectionError('<urllib3.connection.HTTPConnection object at 0x7f2f7279f198>: Failed to establish a new connection: [Errno 111] Connection refused',))
Received user message 'nothing' with intent '{'name': 'stop', 'confidence': 0.8623521327972412}' and entities '[]'
Logged UserUtterance - tracker now has 52 events
Current slot values: 
	cuisine: indian
	feedback: None
	num_people: 4
	outdoor_seating: True
	preferences: None
	requested_slot: preferences
Current tracker state [None, None, None, {}, {'prev_action_listen': 1.0, 'intent_request_restaurant': 1.0}]
There is a memorised next action '12'
There is an active form 'restaurant_form'
Predicted next action using policy_3_FormPolicy
Predicted next action 'restaurant_form' with prob 1.00.
Calling action endpoint to run action 'restaurant_form'.
Action 'restaurant_form' ended with events '['SlotSet(key: preferences, value: nothing)', 'SlotSet(key: requested_slot, value: feedback)']'
Bot utterance 'BotUttered(text: please give your feedback on your experience so far, data: {
  "elements": null,
  "buttons": null,
  "attachment": null
})'
Current tracker state [None, None, None, {}, {'prev_action_listen': 1.0, 'intent_request_restaurant': 1.0}]
There is a memorised next action '12'
There is an active form 'restaurant_form'
Predicted next action using policy_3_FormPolicy
Predicted next action 'action_listen' with prob 1.00.
Action 'action_listen' ended with events '[]'
Recreating tracker for id 'default'
Failed to connect to duckling http server. Make sure the duckling server is running and the proper host and port are set in the configuration. More information on how to run the server can be found on github: https://github.com/facebook/duckling#quickstart Error: HTTPConnectionPool(host='localhost', port=8000): Max retries exceeded with url: /parse (Caused by NewConnectionError('<urllib3.connection.HTTPConnection object at 0x7f2f72687198>: Failed to establish a new connection: [Errno 111] Connection refused',))
Received user message 'its good' with intent '{'name': 'greet', 'confidence': 0.7751810550689697}' and entities '[]'
Logged UserUtterance - tracker now has 58 events
Current slot values: 
	cuisine: indian
	feedback: None
	num_people: 4
	outdoor_seating: True
	preferences: nothing
	requested_slot: feedback
Current tracker state [None, None, None, {}, {'prev_action_listen': 1.0, 'intent_request_restaurant': 1.0}]
There is a memorised next action '12'
There is an active form 'restaurant_form'
Predicted next action using policy_3_FormPolicy
Predicted next action 'restaurant_form' with prob 1.00.
Calling action endpoint to run action 'restaurant_form'.
Action 'restaurant_form' ended with events '['SlotSet(key: feedback, value: its good)', 'Form(None)', 'SlotSet(key: requested_slot, value: None)']'
Bot utterance 'BotUttered(text: All done!, data: {
  "elements": null,
  "buttons": null,
  "attachment": null
})'
Current tracker state [None, None, {}, {'prev_action_listen': 1.0, 'intent_request_restaurant': 1.0}, {'prev_restaurant_form': 1.0, 'intent_request_restaurant': 1.0}]
There is no memorised next action
There is no active form
Predicted next action using policy_0_KerasPolicy
Predicted next action 'action_listen' with prob 0.35.
Action 'action_listen' ended with events '[]'
Rasa process starting
Restoring parameters from models/nlu/current/intent_classifier_tensorflow_embedding.ckpt
Available web server routes: 
static                                             GET, HEAD, OPTIONS             /static/[filename]
custom_webhook_CmdlineInput.health                 GET, HEAD, OPTIONS             /webhooks/rest/
custom_webhook_CmdlineInput.receive                POST, OPTIONS                  /webhooks/rest/webhook
Rasa Core server is up and running on http://localhost:5005
Creating a new tracker for id 'default'.
Received user message 'hi' with intent '{'name': 'greet', 'confidence': 0.9512395858764648}' and entities '[]'
Logged UserUtterance - tracker now has 2 events
Current slot values: 
	cuisine: None
	feedback: None
	num_people: None
	outdoor_seating: None
	preferences: None
	requested_slot: None
Current tracker state [None, None, None, {}, {'intent_greet': 1.0, 'prev_action_listen': 1.0}]
There is a memorised next action '11'
There is no active form
Predicted next action using policy_2_MemoizationPolicy
Predicted next action 'utter_greet' with prob 1.00.
Action 'utter_greet' ended with events '[]'
Bot utterance 'BotUttered(text: Hello! I am restaurant search assistant! How can I help?, data: {
  "elements": null,
  "buttons": null,
  "attachment": null
})'
Current tracker state [None, None, {}, {'intent_greet': 1.0, 'prev_action_listen': 1.0}, {'prev_utter_greet': 1.0, 'intent_greet': 1.0}]
There is a memorised next action '0'
There is no active form
Predicted next action using policy_2_MemoizationPolicy
Predicted next action 'action_listen' with prob 1.00.
Action 'action_listen' ended with events '[]'
Recreating tracker for id 'default'
Received user message 'i want to have dinner' with intent '{'name': 'inform', 'confidence': 0.8816441297531128}' and entities '[]'
Logged UserUtterance - tracker now has 6 events
Current slot values: 
	cuisine: None
	feedback: None
	num_people: None
	outdoor_seating: None
	preferences: None
	requested_slot: None
Current tracker state [None, {}, {'intent_greet': 1.0, 'prev_action_listen': 1.0}, {'prev_utter_greet': 1.0, 'intent_greet': 1.0}, {'prev_action_listen': 1.0, 'intent_inform': 1.0}]
There is no memorised next action
There is no active form
Predicted next action using policy_0_KerasPolicy
Predicted next action 'restaurant_form' with prob 0.34.
Calling action endpoint to run action 'restaurant_form'.
Action 'restaurant_form' ended with events '['Form(restaurant_form)', 'SlotSet(key: requested_slot, value: cuisine)']'
Bot utterance 'BotUttered(text: what cuisine?, data: {
  "elements": null,
  "buttons": null,
  "attachment": null
})'
Current tracker state [None, {}, {'intent_greet': 1.0, 'prev_action_listen': 1.0}, {'prev_utter_greet': 1.0, 'intent_greet': 1.0}, {'prev_action_listen': 1.0, 'intent_inform': 1.0}]
There is no memorised next action
There is an active form 'restaurant_form'
Predicted next action using policy_3_FormPolicy
Predicted next action 'action_listen' with prob 1.00.
Action 'action_listen' ended with events '[]'
Recreating tracker for id 'default'
Received user message 'indian' with intent '{'name': 'inform', 'confidence': 0.8476721048355103}' and entities '[{'start': 0, 'end': 6, 'value': 'indian', 'entity': 'cuisine', 'confidence': 0.8517042648433734, 'extractor': 'ner_crf'}]'
Logged UserUtterance - tracker now has 12 events
Current slot values: 
	cuisine: None
	feedback: None
	num_people: None
	outdoor_seating: None
	preferences: None
	requested_slot: cuisine
Current tracker state [None, {}, {'intent_greet': 1.0, 'prev_action_listen': 1.0}, {'prev_utter_greet': 1.0, 'intent_greet': 1.0}, {'prev_action_listen': 1.0, 'intent_inform': 1.0}]
There is no memorised next action
There is an active form 'restaurant_form'
Predicted next action using policy_3_FormPolicy
Predicted next action 'restaurant_form' with prob 1.00.
Calling action endpoint to run action 'restaurant_form'.
Action 'restaurant_form' ended with events '['SlotSet(key: cuisine, value: indian)', 'SlotSet(key: requested_slot, value: num_people)']'
Bot utterance 'BotUttered(text: how many people?, data: {
  "elements": null,
  "buttons": null,
  "attachment": null
})'
Current tracker state [None, {}, {'intent_greet': 1.0, 'prev_action_listen': 1.0}, {'prev_utter_greet': 1.0, 'intent_greet': 1.0}, {'prev_action_listen': 1.0, 'intent_inform': 1.0}]
There is no memorised next action
There is an active form 'restaurant_form'
Predicted next action using policy_3_FormPolicy
Predicted next action 'action_listen' with prob 1.00.
Action 'action_listen' ended with events '[]'
Recreating tracker for id 'default'
Received user message '4' with intent '{'name': 'inform', 'confidence': 0.8954899907112122}' and entities '[{'start': 0, 'end': 1, 'text': '4', 'value': 4, 'confidence': 1.0, 'additional_info': {'value': 4, 'type': 'value'}, 'entity': 'number', 'extractor': 'ner_duckling_http'}]'
Logged UserUtterance - tracker now has 18 events
Current slot values: 
	cuisine: indian
	feedback: None
	num_people: None
	outdoor_seating: None
	preferences: None
	requested_slot: num_people
Current tracker state [None, {}, {'intent_greet': 1.0, 'prev_action_listen': 1.0}, {'prev_utter_greet': 1.0, 'intent_greet': 1.0}, {'prev_action_listen': 1.0, 'intent_inform': 1.0}]
There is no memorised next action
There is an active form 'restaurant_form'
Predicted next action using policy_3_FormPolicy
Predicted next action 'restaurant_form' with prob 1.00.
Calling action endpoint to run action 'restaurant_form'.
Action 'restaurant_form' ended with events '['SlotSet(key: num_people, value: 4)', 'SlotSet(key: requested_slot, value: outdoor_seating)']'
Bot utterance 'BotUttered(text: do you want to seat outside?, data: {
  "elements": null,
  "buttons": null,
  "attachment": null
})'
Current tracker state [None, {}, {'intent_greet': 1.0, 'prev_action_listen': 1.0}, {'prev_utter_greet': 1.0, 'intent_greet': 1.0}, {'prev_action_listen': 1.0, 'intent_inform': 1.0}]
There is no memorised next action
There is an active form 'restaurant_form'
Predicted next action using policy_3_FormPolicy
Predicted next action 'action_listen' with prob 1.00.
Action 'action_listen' ended with events '[]'
Recreating tracker for id 'default'
Received user message 'yes' with intent '{'name': 'affirm', 'confidence': 0.9658846855163574}' and entities '[]'
Logged UserUtterance - tracker now has 24 events
Current slot values: 
	cuisine: indian
	feedback: None
	num_people: 4
	outdoor_seating: None
	preferences: None
	requested_slot: outdoor_seating
Current tracker state [None, {}, {'intent_greet': 1.0, 'prev_action_listen': 1.0}, {'prev_utter_greet': 1.0, 'intent_greet': 1.0}, {'prev_action_listen': 1.0, 'intent_inform': 1.0}]
There is no memorised next action
There is an active form 'restaurant_form'
Predicted next action using policy_3_FormPolicy
Predicted next action 'restaurant_form' with prob 1.00.
Calling action endpoint to run action 'restaurant_form'.
Action 'restaurant_form' ended with events '['SlotSet(key: outdoor_seating, value: True)', 'SlotSet(key: requested_slot, value: preferences)']'
Bot utterance 'BotUttered(text: please provide additional preferences, data: {
  "elements": null,
  "buttons": null,
  "attachment": null
})'
Current tracker state [None, {}, {'intent_greet': 1.0, 'prev_action_listen': 1.0}, {'prev_utter_greet': 1.0, 'intent_greet': 1.0}, {'prev_action_listen': 1.0, 'intent_inform': 1.0}]
There is no memorised next action
There is an active form 'restaurant_form'
Predicted next action using policy_3_FormPolicy
Predicted next action 'action_listen' with prob 1.00.
Action 'action_listen' ended with events '[]'
Recreating tracker for id 'default'
Received user message 'no' with intent '{'name': 'deny', 'confidence': 0.9450514912605286}' and entities '[]'
Logged UserUtterance - tracker now has 30 events
Current slot values: 
	cuisine: indian
	feedback: None
	num_people: 4
	outdoor_seating: True
	preferences: None
	requested_slot: preferences
Current tracker state [None, {}, {'intent_greet': 1.0, 'prev_action_listen': 1.0}, {'prev_utter_greet': 1.0, 'intent_greet': 1.0}, {'prev_action_listen': 1.0, 'intent_inform': 1.0}]
There is no memorised next action
There is an active form 'restaurant_form'
Predicted next action using policy_3_FormPolicy
Predicted next action 'restaurant_form' with prob 1.00.
Calling action endpoint to run action 'restaurant_form'.
Action 'restaurant_form' ended with events '['SlotSet(key: preferences, value: no additional preferences)', 'SlotSet(key: requested_slot, value: feedback)']'
Bot utterance 'BotUttered(text: please give your feedback on your experience so far, data: {
  "elements": null,
  "buttons": null,
  "attachment": null
})'
Current tracker state [None, {}, {'intent_greet': 1.0, 'prev_action_listen': 1.0}, {'prev_utter_greet': 1.0, 'intent_greet': 1.0}, {'prev_action_listen': 1.0, 'intent_inform': 1.0}]
There is no memorised next action
There is an active form 'restaurant_form'
Predicted next action using policy_3_FormPolicy
Predicted next action 'action_listen' with prob 1.00.
Action 'action_listen' ended with events '[]'
Recreating tracker for id 'default'
Received user message 'good' with intent '{'name': 'inform', 'confidence': 0.7464208602905273}' and entities '[]'
Logged UserUtterance - tracker now has 36 events
Current slot values: 
	cuisine: indian
	feedback: None
	num_people: 4
	outdoor_seating: True
	preferences: no additional preferences
	requested_slot: feedback
Current tracker state [None, {}, {'intent_greet': 1.0, 'prev_action_listen': 1.0}, {'prev_utter_greet': 1.0, 'intent_greet': 1.0}, {'prev_action_listen': 1.0, 'intent_inform': 1.0}]
There is no memorised next action
There is an active form 'restaurant_form'
Predicted next action using policy_3_FormPolicy
Predicted next action 'restaurant_form' with prob 1.00.
Calling action endpoint to run action 'restaurant_form'.
Action 'restaurant_form' ended with events '['SlotSet(key: feedback, value: good)', 'Form(None)', 'SlotSet(key: requested_slot, value: None)']'
Bot utterance 'BotUttered(text: All done!, data: {
  "elements": null,
  "buttons": null,
  "attachment": null
})'
Current tracker state [{}, {'intent_greet': 1.0, 'prev_action_listen': 1.0}, {'prev_utter_greet': 1.0, 'intent_greet': 1.0}, {'prev_action_listen': 1.0, 'intent_inform': 1.0}, {'prev_restaurant_form': 1.0, 'intent_inform': 1.0}]
There is no memorised next action
There is no active form
Predicted next action using policy_0_KerasPolicy
Predicted next action 'action_listen' with prob 0.50.
Action 'action_listen' ended with events '[]'
Recreating tracker for id 'default'
Received user message 'yes' with intent '{'name': 'affirm', 'confidence': 0.9658846855163574}' and entities '[]'
Logged UserUtterance - tracker now has 43 events
Current slot values: 
	cuisine: indian
	feedback: good
	num_people: 4
	outdoor_seating: True
	preferences: no additional preferences
	requested_slot: None
Current tracker state [{'intent_greet': 1.0, 'prev_action_listen': 1.0}, {'prev_utter_greet': 1.0, 'intent_greet': 1.0}, {'prev_action_listen': 1.0, 'intent_inform': 1.0}, {'prev_restaurant_form': 1.0, 'intent_inform': 1.0}, {'intent_affirm': 1.0, 'prev_action_listen': 1.0}]
There is no memorised next action
There is no active form
Predicted next action using policy_1_FallbackPolicy
Predicted next action 'action_default_fallback' with prob 1.00.
Action 'action_default_fallback' ended with events '['UserUtteranceReverted()']'
Bot utterance 'BotUttered(text: sorry, I didn't understand you, please try input something else, data: {
  "elements": null,
  "buttons": null,
  "attachment": null
})'
Current tracker state [{}, {'intent_greet': 1.0, 'prev_action_listen': 1.0}, {'prev_utter_greet': 1.0, 'intent_greet': 1.0}, {'prev_action_listen': 1.0, 'intent_inform': 1.0}, {'prev_restaurant_form': 1.0, 'intent_inform': 1.0}]
There is no memorised next action
There is no active form
Predicted next action using policy_0_KerasPolicy
Predicted next action 'action_listen' with prob 0.50.
Action 'action_listen' ended with events '[]'
Rasa process starting
Restoring parameters from models/nlu/current/intent_classifier_tensorflow_embedding.ckpt
Available web server routes: 
static                                             HEAD, GET, OPTIONS             /static/[filename]
custom_webhook_CmdlineInput.health                 HEAD, GET, OPTIONS             /webhooks/rest/
custom_webhook_CmdlineInput.receive                OPTIONS, POST                  /webhooks/rest/webhook
Rasa Core server is up and running on http://localhost:5005
Creating a new tracker for id 'default'.
Received user message 'hi' with intent '{'name': 'greet', 'confidence': 0.9604356288909912}' and entities '[]'
Logged UserUtterance - tracker now has 2 events
Current slot values: 
	cuisine: None
	feedback: None
	num_people: None
	outdoor_seating: None
	preferences: None
	requested_slot: None
Current tracker state [None, None, None, {}, {'prev_action_listen': 1.0, 'intent_greet': 1.0}]
There is a memorised next action '11'
There is no active form
Predicted next action using policy_2_MemoizationPolicy
Predicted next action 'utter_greet' with prob 1.00.
Action 'utter_greet' ended with events '[]'
Bot utterance 'BotUttered(text: Hello! I am restaurant search assistant! How can I help?, data: {
  "elements": null,
  "buttons": null,
  "attachment": null
})'
Current tracker state [None, None, {}, {'prev_action_listen': 1.0, 'intent_greet': 1.0}, {'intent_greet': 1.0, 'prev_utter_greet': 1.0}]
There is a memorised next action '0'
There is no active form
Predicted next action using policy_2_MemoizationPolicy
Predicted next action 'action_listen' with prob 1.00.
Action 'action_listen' ended with events '[]'
Recreating tracker for id 'default'
Received user message 'grab dinner' with intent '{'name': None, 'confidence': 0.0}' and entities '[]'
Logged UserUtterance - tracker now has 6 events
Current slot values: 
	cuisine: None
	feedback: None
	num_people: None
	outdoor_seating: None
	preferences: None
	requested_slot: None
NLU confidence 0.0 is lower than NLU threshold 0.3. 
Current tracker state [None, {}, {'prev_action_listen': 1.0, 'intent_greet': 1.0}, {'intent_greet': 1.0, 'prev_utter_greet': 1.0}, {'prev_action_listen': 1.0}]
There is no memorised next action
There is no active form
Predicted next action using policy_1_FallbackPolicy
Predicted next action 'action_default_fallback' with prob 1.00.
Action 'action_default_fallback' ended with events '['UserUtteranceReverted()']'
Bot utterance 'BotUttered(text: sorry, I didn't understand you, please try input something else, data: {
  "elements": null,
  "buttons": null,
  "attachment": null
})'
Current tracker state [None, None, {}, {'prev_action_listen': 1.0, 'intent_greet': 1.0}, {'intent_greet': 1.0, 'prev_utter_greet': 1.0}]
There is a memorised next action '0'
There is no active form
Predicted next action using policy_2_MemoizationPolicy
Predicted next action 'action_listen' with prob 1.00.
Action 'action_listen' ended with events '[]'
Recreating tracker for id 'default'
Received user message 'i want to have dinner' with intent '{'name': 'inform', 'confidence': 0.9251264333724976}' and entities '[]'
Logged UserUtterance - tracker now has 11 events
Current slot values: 
	cuisine: None
	feedback: None
	num_people: None
	outdoor_seating: None
	preferences: None
	requested_slot: None
Current tracker state [None, {}, {'prev_action_listen': 1.0, 'intent_greet': 1.0}, {'intent_greet': 1.0, 'prev_utter_greet': 1.0}, {'prev_action_listen': 1.0, 'intent_inform': 1.0}]
There is no memorised next action
There is no active form
Action 'action_listen' was predicted after a user message using policy_0_KerasPolicy. Predicting fallback action: action_default_fallback
Predicted next action using policy_1_FallbackPolicy
Predicted next action 'action_default_fallback' with prob 1.00.
Action 'action_default_fallback' ended with events '['UserUtteranceReverted()']'
Bot utterance 'BotUttered(text: sorry, I didn't understand you, please try input something else, data: {
  "elements": null,
  "buttons": null,
  "attachment": null
})'
Current tracker state [None, None, {}, {'prev_action_listen': 1.0, 'intent_greet': 1.0}, {'intent_greet': 1.0, 'prev_utter_greet': 1.0}]
There is a memorised next action '0'
There is no active form
Predicted next action using policy_2_MemoizationPolicy
Predicted next action 'action_listen' with prob 1.00.
Action 'action_listen' ended with events '[]'
Recreating tracker for id 'default'
Received user message 'grab some dinner' with intent '{'name': None, 'confidence': 0.0}' and entities '[]'
Logged UserUtterance - tracker now has 16 events
Current slot values: 
	cuisine: None
	feedback: None
	num_people: None
	outdoor_seating: None
	preferences: None
	requested_slot: None
NLU confidence 0.0 is lower than NLU threshold 0.3. 
Current tracker state [None, {}, {'prev_action_listen': 1.0, 'intent_greet': 1.0}, {'intent_greet': 1.0, 'prev_utter_greet': 1.0}, {'prev_action_listen': 1.0}]
There is no memorised next action
There is no active form
Predicted next action using policy_1_FallbackPolicy
Predicted next action 'action_default_fallback' with prob 1.00.
Action 'action_default_fallback' ended with events '['UserUtteranceReverted()']'
Bot utterance 'BotUttered(text: sorry, I didn't understand you, please try input something else, data: {
  "elements": null,
  "buttons": null,
  "attachment": null
})'
Current tracker state [None, None, {}, {'prev_action_listen': 1.0, 'intent_greet': 1.0}, {'intent_greet': 1.0, 'prev_utter_greet': 1.0}]
There is a memorised next action '0'
There is no active form
Predicted next action using policy_2_MemoizationPolicy
Predicted next action 'action_listen' with prob 1.00.
Action 'action_listen' ended with events '[]'
Recreating tracker for id 'default'
Received user message 'hi' with intent '{'name': 'greet', 'confidence': 0.9604356288909912}' and entities '[]'
Logged UserUtterance - tracker now has 21 events
Current slot values: 
	cuisine: None
	feedback: None
	num_people: None
	outdoor_seating: None
	preferences: None
	requested_slot: None
Current tracker state [None, {}, {'prev_action_listen': 1.0, 'intent_greet': 1.0}, {'intent_greet': 1.0, 'prev_utter_greet': 1.0}, {'prev_action_listen': 1.0, 'intent_greet': 1.0}]
There is no memorised next action
There is no active form
Action 'action_listen' was predicted after a user message using policy_0_KerasPolicy. Predicting fallback action: action_default_fallback
Predicted next action using policy_1_FallbackPolicy
Predicted next action 'action_default_fallback' with prob 1.00.
Action 'action_default_fallback' ended with events '['UserUtteranceReverted()']'
Bot utterance 'BotUttered(text: sorry, I didn't understand you, please try input something else, data: {
  "elements": null,
  "buttons": null,
  "attachment": null
})'
Current tracker state [None, None, {}, {'prev_action_listen': 1.0, 'intent_greet': 1.0}, {'intent_greet': 1.0, 'prev_utter_greet': 1.0}]
There is a memorised next action '0'
There is no active form
Predicted next action using policy_2_MemoizationPolicy
Predicted next action 'action_listen' with prob 1.00.
Action 'action_listen' ended with events '[]'
Recreating tracker for id 'default'
Received user message '/restart' with intent '{'name': 'restart', 'confidence': 1.0}' and entities '[]'
Logged UserUtterance - tracker now has 26 events
Current slot values: 
	cuisine: None
	feedback: None
	num_people: None
	outdoor_seating: None
	preferences: None
	requested_slot: None
Predicted next action 'action_restart' with prob 1.00.
Action 'action_restart' ended with events '['Restarted()']'
Predicted next action 'action_listen' with prob 1.00.
Action 'action_listen' ended with events '[]'
Recreating tracker for id 'default'
Received user message 'hi' with intent '{'name': 'greet', 'confidence': 0.9604356288909912}' and entities '[]'
Logged UserUtterance - tracker now has 30 events
Current slot values: 
	cuisine: None
	feedback: None
	num_people: None
	outdoor_seating: None
	preferences: None
	requested_slot: None
Current tracker state [None, None, None, {}, {'prev_action_listen': 1.0, 'intent_greet': 1.0}]
There is a memorised next action '11'
There is no active form
Predicted next action using policy_2_MemoizationPolicy
Predicted next action 'utter_greet' with prob 1.00.
Action 'utter_greet' ended with events '[]'
Bot utterance 'BotUttered(text: Hello! I am restaurant search assistant! How can I help?, data: {
  "elements": null,
  "buttons": null,
  "attachment": null
})'
Current tracker state [None, None, {}, {'prev_action_listen': 1.0, 'intent_greet': 1.0}, {'intent_greet': 1.0, 'prev_utter_greet': 1.0}]
There is a memorised next action '0'
There is no active form
Predicted next action using policy_2_MemoizationPolicy
Predicted next action 'action_listen' with prob 1.00.
Action 'action_listen' ended with events '[]'
Recreating tracker for id 'default'
Received user message 'im looking for a restaurant' with intent '{'name': 'request_restaurant', 'confidence': 0.9197737574577332}' and entities '[]'
Logged UserUtterance - tracker now has 34 events
Current slot values: 
	cuisine: None
	feedback: None
	num_people: None
	outdoor_seating: None
	preferences: None
	requested_slot: None
Current tracker state [None, {}, {'prev_action_listen': 1.0, 'intent_greet': 1.0}, {'intent_greet': 1.0, 'prev_utter_greet': 1.0}, {'prev_action_listen': 1.0, 'intent_request_restaurant': 1.0}]
There is a memorised next action '12'
There is no active form
Predicted next action using policy_2_MemoizationPolicy
Predicted next action 'restaurant_form' with prob 1.00.
Calling action endpoint to run action 'restaurant_form'.
Action 'restaurant_form' ended with events '['Form(restaurant_form)', 'SlotSet(key: requested_slot, value: cuisine)']'
Bot utterance 'BotUttered(text: what cuisine?, data: {
  "elements": null,
  "buttons": null,
  "attachment": null
})'
Current tracker state [None, {}, {'prev_action_listen': 1.0, 'intent_greet': 1.0}, {'intent_greet': 1.0, 'prev_utter_greet': 1.0}, {'prev_action_listen': 1.0, 'intent_request_restaurant': 1.0}]
There is a memorised next action '12'
There is an active form 'restaurant_form'
Predicted next action using policy_3_FormPolicy
Predicted next action 'action_listen' with prob 1.00.
Action 'action_listen' ended with events '[]'
Recreating tracker for id 'default'
Received user message 'indian' with intent '{'name': 'inform', 'confidence': 0.8351408243179321}' and entities '[{'start': 0, 'end': 6, 'value': 'indian', 'entity': 'cuisine', 'confidence': 0.8517042648433734, 'extractor': 'ner_crf'}]'
Logged UserUtterance - tracker now has 40 events
Current slot values: 
	cuisine: None
	feedback: None
	num_people: None
	outdoor_seating: None
	preferences: None
	requested_slot: cuisine
Current tracker state [None, {}, {'prev_action_listen': 1.0, 'intent_greet': 1.0}, {'intent_greet': 1.0, 'prev_utter_greet': 1.0}, {'prev_action_listen': 1.0, 'intent_request_restaurant': 1.0}]
There is a memorised next action '12'
There is an active form 'restaurant_form'
Predicted next action using policy_3_FormPolicy
Predicted next action 'restaurant_form' with prob 1.00.
Calling action endpoint to run action 'restaurant_form'.
Action 'restaurant_form' ended with events '['SlotSet(key: cuisine, value: indian)', 'SlotSet(key: requested_slot, value: num_people)']'
Bot utterance 'BotUttered(text: how many people?, data: {
  "elements": null,
  "buttons": null,
  "attachment": null
})'
Current tracker state [None, {}, {'prev_action_listen': 1.0, 'intent_greet': 1.0}, {'intent_greet': 1.0, 'prev_utter_greet': 1.0}, {'prev_action_listen': 1.0, 'intent_request_restaurant': 1.0}]
There is a memorised next action '12'
There is an active form 'restaurant_form'
Predicted next action using policy_3_FormPolicy
Predicted next action 'action_listen' with prob 1.00.
Action 'action_listen' ended with events '[]'
Recreating tracker for id 'default'
Received user message '3O' with intent '{'name': None, 'confidence': 0.0}' and entities '[{'start': 0, 'end': 1, 'text': '3', 'value': 3, 'confidence': 1.0, 'additional_info': {'value': 3, 'type': 'value'}, 'entity': 'number', 'extractor': 'ner_duckling_http'}]'
Logged UserUtterance - tracker now has 46 events
Current slot values: 
	cuisine: indian
	feedback: None
	num_people: None
	outdoor_seating: None
	preferences: None
	requested_slot: num_people
NLU confidence 0.0 is lower than NLU threshold 0.3. 
Current tracker state [None, {}, {'prev_action_listen': 1.0, 'intent_greet': 1.0}, {'intent_greet': 1.0, 'prev_utter_greet': 1.0}, {'prev_action_listen': 1.0, 'intent_request_restaurant': 1.0}]
There is a memorised next action '12'
There is an active form 'restaurant_form'
Predicted next action using policy_3_FormPolicy
Predicted next action 'restaurant_form' with prob 1.00.
Calling action endpoint to run action 'restaurant_form'.
Action 'restaurant_form' ended with events '['SlotSet(key: num_people, value: 3)', 'SlotSet(key: requested_slot, value: outdoor_seating)']'
Bot utterance 'BotUttered(text: do you want to seat outside?, data: {
  "elements": null,
  "buttons": null,
  "attachment": null
})'
Current tracker state [None, {}, {'prev_action_listen': 1.0, 'intent_greet': 1.0}, {'intent_greet': 1.0, 'prev_utter_greet': 1.0}, {'prev_action_listen': 1.0, 'intent_request_restaurant': 1.0}]
There is a memorised next action '12'
There is an active form 'restaurant_form'
Predicted next action using policy_3_FormPolicy
Predicted next action 'action_listen' with prob 1.00.
Action 'action_listen' ended with events '[]'
Recreating tracker for id 'default'
Received user message 'no' with intent '{'name': 'deny', 'confidence': 0.9214164018630981}' and entities '[]'
Logged UserUtterance - tracker now has 52 events
Current slot values: 
	cuisine: indian
	feedback: None
	num_people: 3
	outdoor_seating: None
	preferences: None
	requested_slot: outdoor_seating
Current tracker state [None, {}, {'prev_action_listen': 1.0, 'intent_greet': 1.0}, {'intent_greet': 1.0, 'prev_utter_greet': 1.0}, {'prev_action_listen': 1.0, 'intent_request_restaurant': 1.0}]
There is a memorised next action '12'
There is an active form 'restaurant_form'
Predicted next action using policy_3_FormPolicy
Predicted next action 'restaurant_form' with prob 1.00.
Calling action endpoint to run action 'restaurant_form'.
Action 'restaurant_form' ended with events '['SlotSet(key: outdoor_seating, value: False)', 'SlotSet(key: requested_slot, value: preferences)']'
Bot utterance 'BotUttered(text: please provide additional preferences, data: {
  "elements": null,
  "buttons": null,
  "attachment": null
})'
Current tracker state [None, {}, {'prev_action_listen': 1.0, 'intent_greet': 1.0}, {'intent_greet': 1.0, 'prev_utter_greet': 1.0}, {'prev_action_listen': 1.0, 'intent_request_restaurant': 1.0}]
There is a memorised next action '12'
There is an active form 'restaurant_form'
Predicted next action using policy_3_FormPolicy
Predicted next action 'action_listen' with prob 1.00.
Action 'action_listen' ended with events '[]'
Recreating tracker for id 'default'
Received user message 'yes' with intent '{'name': 'affirm', 'confidence': 0.9540198445320129}' and entities '[]'
Logged UserUtterance - tracker now has 58 events
Current slot values: 
	cuisine: indian
	feedback: None
	num_people: 3
	outdoor_seating: False
	preferences: None
	requested_slot: preferences
Current tracker state [None, {}, {'prev_action_listen': 1.0, 'intent_greet': 1.0}, {'intent_greet': 1.0, 'prev_utter_greet': 1.0}, {'prev_action_listen': 1.0, 'intent_request_restaurant': 1.0}]
There is a memorised next action '12'
There is an active form 'restaurant_form'
Predicted next action using policy_3_FormPolicy
Predicted next action 'restaurant_form' with prob 1.00.
Calling action endpoint to run action 'restaurant_form'.
Failed to validate slot preferences with action restaurant_form
Current tracker state [{'prev_action_listen': 1.0, 'intent_greet': 1.0}, {'intent_greet': 1.0, 'prev_utter_greet': 1.0}, {'prev_action_listen': 1.0, 'intent_request_restaurant': 1.0}, {'active_form_restaurant_form': 1.0, 'intent_request_restaurant': 1.0, 'prev_restaurant_form': 1.0}, {'prev_action_listen': 1.0, 'active_form_restaurant_form': 1.0, 'intent_affirm': 1.0}]
There is no memorised next action
There is an active form 'restaurant_form'
Predicted next action using policy_1_FallbackPolicy
Predicted next action 'action_default_fallback' with prob 1.00.
Action 'action_default_fallback' ended with events '['UserUtteranceReverted()']'
Bot utterance 'BotUttered(text: sorry, I didn't understand you, please try input something else, data: {
  "elements": null,
  "buttons": null,
  "attachment": null
})'
Current tracker state [None, {}, {'prev_action_listen': 1.0, 'intent_greet': 1.0}, {'intent_greet': 1.0, 'prev_utter_greet': 1.0}, {'prev_action_listen': 1.0, 'intent_request_restaurant': 1.0}]
There is a memorised next action '12'
There is an active form 'restaurant_form'
Predicted next action using policy_3_FormPolicy
Predicted next action 'action_listen' with prob 1.00.
Action 'action_listen' ended with events '[]'
Recreating tracker for id 'default'
Received user message 'good' with intent '{'name': 'greet', 'confidence': 0.7658911943435669}' and entities '[]'
Logged UserUtterance - tracker now has 64 events
Current slot values: 
	cuisine: indian
	feedback: None
	num_people: 3
	outdoor_seating: False
	preferences: None
	requested_slot: preferences
Current tracker state [None, {}, {'prev_action_listen': 1.0, 'intent_greet': 1.0}, {'intent_greet': 1.0, 'prev_utter_greet': 1.0}, {'prev_action_listen': 1.0, 'intent_request_restaurant': 1.0}]
There is a memorised next action '12'
There is an active form 'restaurant_form'
Predicted next action using policy_3_FormPolicy
Predicted next action 'restaurant_form' with prob 1.00.
Calling action endpoint to run action 'restaurant_form'.
Action 'restaurant_form' ended with events '['SlotSet(key: preferences, value: good)', 'SlotSet(key: requested_slot, value: feedback)']'
Bot utterance 'BotUttered(text: please give your feedback on your experience so far, data: {
  "elements": null,
  "buttons": null,
  "attachment": null
})'
Current tracker state [None, {}, {'prev_action_listen': 1.0, 'intent_greet': 1.0}, {'intent_greet': 1.0, 'prev_utter_greet': 1.0}, {'prev_action_listen': 1.0, 'intent_request_restaurant': 1.0}]
There is a memorised next action '12'
There is an active form 'restaurant_form'
Predicted next action using policy_3_FormPolicy
Predicted next action 'action_listen' with prob 1.00.
Action 'action_listen' ended with events '[]'
Recreating tracker for id 'default'
Received user message 'good' with intent '{'name': 'greet', 'confidence': 0.7658911943435669}' and entities '[]'
Logged UserUtterance - tracker now has 70 events
Current slot values: 
	cuisine: indian
	feedback: None
	num_people: 3
	outdoor_seating: False
	preferences: good
	requested_slot: feedback
Current tracker state [None, {}, {'prev_action_listen': 1.0, 'intent_greet': 1.0}, {'intent_greet': 1.0, 'prev_utter_greet': 1.0}, {'prev_action_listen': 1.0, 'intent_request_restaurant': 1.0}]
There is a memorised next action '12'
There is an active form 'restaurant_form'
Predicted next action using policy_3_FormPolicy
Predicted next action 'restaurant_form' with prob 1.00.
Calling action endpoint to run action 'restaurant_form'.
Action 'restaurant_form' ended with events '['SlotSet(key: feedback, value: good)', 'Form(None)', 'SlotSet(key: requested_slot, value: None)']'
Bot utterance 'BotUttered(text: All done!, data: {
  "elements": null,
  "buttons": null,
  "attachment": null
})'
Current tracker state [{}, {'prev_action_listen': 1.0, 'intent_greet': 1.0}, {'intent_greet': 1.0, 'prev_utter_greet': 1.0}, {'prev_action_listen': 1.0, 'intent_request_restaurant': 1.0}, {'intent_request_restaurant': 1.0, 'prev_restaurant_form': 1.0}]
There is a memorised next action '7'
There is no active form
Predicted next action using policy_2_MemoizationPolicy
Predicted next action 'utter_slots_values' with prob 1.00.
Action 'utter_slots_values' ended with events '[]'
Bot utterance 'BotUttered(text: I am going to run a restaurant search using the following parameters:
 - cuisine: indian
 - num_people: 3
 - outdoor_seating: False
 - preferences: good
 - feedback: good, data: {
  "elements": null,
  "buttons": null,
  "attachment": null
})'
Current tracker state [{'prev_action_listen': 1.0, 'intent_greet': 1.0}, {'intent_greet': 1.0, 'prev_utter_greet': 1.0}, {'prev_action_listen': 1.0, 'intent_request_restaurant': 1.0}, {'intent_request_restaurant': 1.0, 'prev_restaurant_form': 1.0}, {'prev_utter_slots_values': 1.0, 'intent_request_restaurant': 1.0}]
There is a memorised next action '0'
There is no active form
Predicted next action using policy_2_MemoizationPolicy
Predicted next action 'action_listen' with prob 1.00.
Action 'action_listen' ended with events '[]'
